This is pdfTeX, Version 3.1415926-2.5-1.40.14 (TeX Live 2013) (format=pdflatex 2013.5.30)  16 MAR 2015 16:24
entering extended mode
 \write18 enabled.
 %&-line parsing enabled.
**report.tex
(./report.tex
LaTeX2e <2011/06/27>
Babel <3.9f> and hyphenation patterns for 78 languages loaded.
(./llncs.cls
Document Class: llncs 2013/09/27 v2.18 
 LaTeX document class for Lecture Notes in Computer Science
(/usr/local/texlive/2013/texmf-dist/tex/latex/base/article.cls
Document Class: article 2007/10/19 v1.4h Standard LaTeX document class
(/usr/local/texlive/2013/texmf-dist/tex/latex/base/size10.clo
File: size10.clo 2007/10/19 v1.4h Standard LaTeX file (size option)
)
\c@part=\count79
\c@section=\count80
\c@subsection=\count81
\c@subsubsection=\count82
\c@paragraph=\count83
\c@subparagraph=\count84
\c@figure=\count85
\c@table=\count86
\abovecaptionskip=\skip41
\belowcaptionskip=\skip42
\bibindent=\dimen102
)
(/usr/local/texlive/2013/texmf-dist/tex/latex/tools/multicol.sty
Package: multicol 2011/06/27 v1.7a multicolumn formatting (FMi)
\c@tracingmulticols=\count87
\mult@box=\box26
\multicol@leftmargin=\dimen103
\c@unbalance=\count88
\c@collectmore=\count89
\doublecol@number=\count90
\multicoltolerance=\count91
\multicolpretolerance=\count92
\full@width=\dimen104
\page@free=\dimen105
\premulticols=\dimen106
\postmulticols=\dimen107
\multicolsep=\skip43
\multicolbaselineskip=\skip44
\partial@page=\box27
\last@line=\box28
\mult@rightbox=\box29
\mult@grightbox=\box30
\mult@gfirstbox=\box31
\mult@firstbox=\box32
\@tempa=\box33
\@tempa=\box34
\@tempa=\box35
\@tempa=\box36
\@tempa=\box37
\@tempa=\box38
\@tempa=\box39
\@tempa=\box40
\@tempa=\box41
\@tempa=\box42
\@tempa=\box43
\@tempa=\box44
\@tempa=\box45
\@tempa=\box46
\@tempa=\box47
\@tempa=\box48
\@tempa=\box49
\c@columnbadness=\count93
\c@finalcolumnbadness=\count94
\last@try=\dimen108
\multicolovershoot=\dimen109
\multicolundershoot=\dimen110
\mult@nat@firstbox=\box50
\colbreak@box=\box51
\multicol@sort@counter=\count95
)
(/usr/local/texlive/2013/texmf-dist/tex/latex/oberdiek/aliascnt.sty
Package: aliascnt 2009/09/08 v1.3 Alias counters (HO)

(/usr/local/texlive/2013/texmf-dist/tex/latex/carlisle/remreset.sty))
\c@chapter=\count96
LaTeX Font Info:    Redeclaring math symbol \Gamma on input line 362.
LaTeX Font Info:    Redeclaring math symbol \Delta on input line 363.
LaTeX Font Info:    Redeclaring math symbol \Theta on input line 364.
LaTeX Font Info:    Redeclaring math symbol \Lambda on input line 365.
LaTeX Font Info:    Redeclaring math symbol \Xi on input line 366.
LaTeX Font Info:    Redeclaring math symbol \Pi on input line 367.
LaTeX Font Info:    Redeclaring math symbol \Sigma on input line 368.
LaTeX Font Info:    Redeclaring math symbol \Upsilon on input line 369.
LaTeX Font Info:    Redeclaring math symbol \Phi on input line 370.
LaTeX Font Info:    Redeclaring math symbol \Psi on input line 371.
LaTeX Font Info:    Redeclaring math symbol \Omega on input line 372.
\tocchpnum=\dimen111
\tocsecnum=\dimen112
\tocsectotal=\dimen113
\tocsubsecnum=\dimen114
\tocsubsectotal=\dimen115
\tocsubsubsecnum=\dimen116
\tocsubsubsectotal=\dimen117
\tocparanum=\dimen118
\tocparatotal=\dimen119
\tocsubparanum=\dimen120
\@tempcntc=\count97
\fnindent=\dimen121
\c@@inst=\count98
\c@@auth=\count99
\c@auco=\count100
\instindent=\dimen122
\authrun=\box52
\authorrunning=\toks14
\tocauthor=\toks15
\titrun=\box53
\titlerunning=\toks16
\toctitle=\toks17
\c@theorem=\count101
\c@case=\count102
\c@conjecture=\count103
\c@corollary=\count104
\c@definition=\count105
\c@example=\count106
\c@exercise=\count107
\c@lemma=\count108
\c@note=\count109
\c@problem=\count110
\c@property=\count111
\c@proposition=\count112
\c@question=\count113
\c@solution=\count114
\c@remark=\count115
\headlineindent=\dimen123
)
(/usr/local/texlive/2013/texmf-dist/tex/latex/graphics/graphicx.sty
Package: graphicx 1999/02/16 v1.0f Enhanced LaTeX Graphics (DPC,SPQR)

(/usr/local/texlive/2013/texmf-dist/tex/latex/graphics/keyval.sty
Package: keyval 1999/03/16 v1.13 key=value parser (DPC)
\KV@toks@=\toks18
)
(/usr/local/texlive/2013/texmf-dist/tex/latex/graphics/graphics.sty
Package: graphics 2009/02/05 v1.0o Standard LaTeX Graphics (DPC,SPQR)

(/usr/local/texlive/2013/texmf-dist/tex/latex/graphics/trig.sty
Package: trig 1999/03/16 v1.09 sin cos tan (DPC)
)
(/usr/local/texlive/2013/texmf-dist/tex/latex/latexconfig/graphics.cfg
File: graphics.cfg 2010/04/23 v1.9 graphics configuration of TeX Live
)
Package graphics Info: Driver file: pdftex.def on input line 91.

(/usr/local/texlive/2013/texmf-dist/tex/latex/pdftex-def/pdftex.def
File: pdftex.def 2011/05/27 v0.06d Graphics/color for pdfTeX

(/usr/local/texlive/2013/texmf-dist/tex/generic/oberdiek/infwarerr.sty
Package: infwarerr 2010/04/08 v1.3 Providing info/warning/error messages (HO)
)
(/usr/local/texlive/2013/texmf-dist/tex/generic/oberdiek/ltxcmds.sty
Package: ltxcmds 2011/11/09 v1.22 LaTeX kernel commands for general use (HO)
)
\Gread@gobject=\count116
))
\Gin@req@height=\dimen124
\Gin@req@width=\dimen125
)
(/usr/local/texlive/2013/texmf-dist/tex/latex/base/makeidx.sty
Package: makeidx 2000/03/29 v1.0m Standard LaTeX package
)
(/usr/local/texlive/2013/texmf-dist/tex/latex/todonotes/todonotes.sty
Package: todonotes 2012/07/25 .dtx Todonotes source and documentation.
Package: todonotes 2012/07/25

(/usr/local/texlive/2013/texmf-dist/tex/latex/base/ifthen.sty
Package: ifthen 2001/05/26 v1.1c Standard LaTeX ifthen package (DPC)
)
(/usr/local/texlive/2013/texmf-dist/tex/latex/xkeyval/xkeyval.sty
Package: xkeyval 2012/10/14 v2.6b package option processing (HA)

(/usr/local/texlive/2013/texmf-dist/tex/generic/xkeyval/xkeyval.tex
\XKV@toks=\toks19
\XKV@tempa@toks=\toks20
\XKV@depth=\count117
File: xkeyval.tex 2012/10/14 v2.6b key=value parser (HA)
))
(/usr/local/texlive/2013/texmf-dist/tex/latex/xcolor/xcolor.sty
Package: xcolor 2007/01/21 v2.11 LaTeX color extensions (UK)

(/usr/local/texlive/2013/texmf-dist/tex/latex/latexconfig/color.cfg
File: color.cfg 2007/01/18 v1.5 color configuration of teTeX/TeXLive
)
Package xcolor Info: Driver file: pdftex.def on input line 225.
Package xcolor Info: Model `cmy' substituted by `cmy0' on input line 1337.
Package xcolor Info: Model `hsb' substituted by `rgb' on input line 1341.
Package xcolor Info: Model `RGB' extended on input line 1353.
Package xcolor Info: Model `HTML' substituted by `rgb' on input line 1355.
Package xcolor Info: Model `Hsb' substituted by `hsb' on input line 1356.
Package xcolor Info: Model `tHsb' substituted by `hsb' on input line 1357.
Package xcolor Info: Model `HSB' substituted by `hsb' on input line 1358.
Package xcolor Info: Model `Gray' substituted by `gray' on input line 1359.
Package xcolor Info: Model `wave' substituted by `hsb' on input line 1360.
)
(/usr/local/texlive/2013/texmf-dist/tex/latex/pgf/frontendlayer/tikz.sty
(/usr/local/texlive/2013/texmf-dist/tex/latex/pgf/basiclayer/pgf.sty
(/usr/local/texlive/2013/texmf-dist/tex/latex/pgf/utilities/pgfrcs.sty
(/usr/local/texlive/2013/texmf-dist/tex/generic/pgf/utilities/pgfutil-common.te
x
\pgfutil@everybye=\toks21
)
(/usr/local/texlive/2013/texmf-dist/tex/generic/pgf/utilities/pgfutil-latex.def
\pgfutil@abb=\box54
(/usr/local/texlive/2013/texmf-dist/tex/latex/ms/everyshi.sty
Package: everyshi 2001/05/15 v3.00 EveryShipout Package (MS)
))
(/usr/local/texlive/2013/texmf-dist/tex/generic/pgf/utilities/pgfrcs.code.tex
Package: pgfrcs 2010/10/25 v2.10 (rcs-revision 1.24)
))
Package: pgf 2008/01/15 v2.10 (rcs-revision 1.12)
(/usr/local/texlive/2013/texmf-dist/tex/latex/pgf/basiclayer/pgfcore.sty
(/usr/local/texlive/2013/texmf-dist/tex/latex/pgf/systemlayer/pgfsys.sty
(/usr/local/texlive/2013/texmf-dist/tex/generic/pgf/systemlayer/pgfsys.code.tex
Package: pgfsys 2010/06/30 v2.10 (rcs-revision 1.37)
(/usr/local/texlive/2013/texmf-dist/tex/generic/pgf/utilities/pgfkeys.code.tex
\pgfkeys@pathtoks=\toks22
\pgfkeys@temptoks=\toks23

(/usr/local/texlive/2013/texmf-dist/tex/generic/pgf/utilities/pgfkeysfiltered.c
ode.tex
\pgfkeys@tmptoks=\toks24
))
\pgf@x=\dimen126
\pgf@y=\dimen127
\pgf@xa=\dimen128
\pgf@ya=\dimen129
\pgf@xb=\dimen130
\pgf@yb=\dimen131
\pgf@xc=\dimen132
\pgf@yc=\dimen133
\w@pgf@writea=\write3
\r@pgf@reada=\read1
\c@pgf@counta=\count118
\c@pgf@countb=\count119
\c@pgf@countc=\count120
\c@pgf@countd=\count121

(/usr/local/texlive/2013/texmf-dist/tex/generic/pgf/systemlayer/pgf.cfg
File: pgf.cfg 2008/05/14  (rcs-revision 1.7)
)
Package pgfsys Info: Driver file for pgf: pgfsys-pdftex.def on input line 900.

(/usr/local/texlive/2013/texmf-dist/tex/generic/pgf/systemlayer/pgfsys-pdftex.d
ef
File: pgfsys-pdftex.def 2009/05/22  (rcs-revision 1.26)

(/usr/local/texlive/2013/texmf-dist/tex/generic/pgf/systemlayer/pgfsys-common-p
df.def
File: pgfsys-common-pdf.def 2008/05/19  (rcs-revision 1.10)
)))
(/usr/local/texlive/2013/texmf-dist/tex/generic/pgf/systemlayer/pgfsyssoftpath.
code.tex
File: pgfsyssoftpath.code.tex 2008/07/18  (rcs-revision 1.7)
\pgfsyssoftpath@smallbuffer@items=\count122
\pgfsyssoftpath@bigbuffer@items=\count123
)
(/usr/local/texlive/2013/texmf-dist/tex/generic/pgf/systemlayer/pgfsysprotocol.
code.tex
File: pgfsysprotocol.code.tex 2006/10/16  (rcs-revision 1.4)
))
(/usr/local/texlive/2013/texmf-dist/tex/generic/pgf/basiclayer/pgfcore.code.tex
Package: pgfcore 2010/04/11 v2.10 (rcs-revision 1.7)
(/usr/local/texlive/2013/texmf-dist/tex/generic/pgf/math/pgfmath.code.tex
(/usr/local/texlive/2013/texmf-dist/tex/generic/pgf/math/pgfmathcalc.code.tex
(/usr/local/texlive/2013/texmf-dist/tex/generic/pgf/math/pgfmathutil.code.tex)
(/usr/local/texlive/2013/texmf-dist/tex/generic/pgf/math/pgfmathparser.code.tex
\pgfmath@dimen=\dimen134
\pgfmath@count=\count124
\pgfmath@box=\box55
\pgfmath@toks=\toks25
\pgfmath@stack@operand=\toks26
\pgfmath@stack@operation=\toks27
)
(/usr/local/texlive/2013/texmf-dist/tex/generic/pgf/math/pgfmathfunctions.code.
tex
(/usr/local/texlive/2013/texmf-dist/tex/generic/pgf/math/pgfmathfunctions.basic
.code.tex)
(/usr/local/texlive/2013/texmf-dist/tex/generic/pgf/math/pgfmathfunctions.trigo
nometric.code.tex)
(/usr/local/texlive/2013/texmf-dist/tex/generic/pgf/math/pgfmathfunctions.rando
m.code.tex)
(/usr/local/texlive/2013/texmf-dist/tex/generic/pgf/math/pgfmathfunctions.compa
rison.code.tex)
(/usr/local/texlive/2013/texmf-dist/tex/generic/pgf/math/pgfmathfunctions.base.
code.tex)
(/usr/local/texlive/2013/texmf-dist/tex/generic/pgf/math/pgfmathfunctions.round
.code.tex)
(/usr/local/texlive/2013/texmf-dist/tex/generic/pgf/math/pgfmathfunctions.misc.
code.tex)))
(/usr/local/texlive/2013/texmf-dist/tex/generic/pgf/math/pgfmathfloat.code.tex
\c@pgfmathroundto@lastzeros=\count125
))
(/usr/local/texlive/2013/texmf-dist/tex/generic/pgf/basiclayer/pgfcorepoints.co
de.tex
File: pgfcorepoints.code.tex 2010/04/09  (rcs-revision 1.20)
\pgf@picminx=\dimen135
\pgf@picmaxx=\dimen136
\pgf@picminy=\dimen137
\pgf@picmaxy=\dimen138
\pgf@pathminx=\dimen139
\pgf@pathmaxx=\dimen140
\pgf@pathminy=\dimen141
\pgf@pathmaxy=\dimen142
\pgf@xx=\dimen143
\pgf@xy=\dimen144
\pgf@yx=\dimen145
\pgf@yy=\dimen146
\pgf@zx=\dimen147
\pgf@zy=\dimen148
)
(/usr/local/texlive/2013/texmf-dist/tex/generic/pgf/basiclayer/pgfcorepathconst
ruct.code.tex
File: pgfcorepathconstruct.code.tex 2010/08/03  (rcs-revision 1.24)
\pgf@path@lastx=\dimen149
\pgf@path@lasty=\dimen150
)
(/usr/local/texlive/2013/texmf-dist/tex/generic/pgf/basiclayer/pgfcorepathusage
.code.tex
File: pgfcorepathusage.code.tex 2008/04/22  (rcs-revision 1.12)
\pgf@shorten@end@additional=\dimen151
\pgf@shorten@start@additional=\dimen152
)
(/usr/local/texlive/2013/texmf-dist/tex/generic/pgf/basiclayer/pgfcorescopes.co
de.tex
File: pgfcorescopes.code.tex 2010/09/08  (rcs-revision 1.34)
\pgfpic=\box56
\pgf@hbox=\box57
\pgf@layerbox@main=\box58
\pgf@picture@serial@count=\count126
)
(/usr/local/texlive/2013/texmf-dist/tex/generic/pgf/basiclayer/pgfcoregraphicst
ate.code.tex
File: pgfcoregraphicstate.code.tex 2008/04/22  (rcs-revision 1.9)
\pgflinewidth=\dimen153
)
(/usr/local/texlive/2013/texmf-dist/tex/generic/pgf/basiclayer/pgfcoretransform
ations.code.tex
File: pgfcoretransformations.code.tex 2009/06/10  (rcs-revision 1.11)
\pgf@pt@x=\dimen154
\pgf@pt@y=\dimen155
\pgf@pt@temp=\dimen156
)
(/usr/local/texlive/2013/texmf-dist/tex/generic/pgf/basiclayer/pgfcorequick.cod
e.tex
File: pgfcorequick.code.tex 2008/10/09  (rcs-revision 1.3)
)
(/usr/local/texlive/2013/texmf-dist/tex/generic/pgf/basiclayer/pgfcoreobjects.c
ode.tex
File: pgfcoreobjects.code.tex 2006/10/11  (rcs-revision 1.2)
)
(/usr/local/texlive/2013/texmf-dist/tex/generic/pgf/basiclayer/pgfcorepathproce
ssing.code.tex
File: pgfcorepathprocessing.code.tex 2008/10/09  (rcs-revision 1.8)
)
(/usr/local/texlive/2013/texmf-dist/tex/generic/pgf/basiclayer/pgfcorearrows.co
de.tex
File: pgfcorearrows.code.tex 2008/04/23  (rcs-revision 1.11)
)
(/usr/local/texlive/2013/texmf-dist/tex/generic/pgf/basiclayer/pgfcoreshade.cod
e.tex
File: pgfcoreshade.code.tex 2008/11/23  (rcs-revision 1.13)
\pgf@max=\dimen157
\pgf@sys@shading@range@num=\count127
)
(/usr/local/texlive/2013/texmf-dist/tex/generic/pgf/basiclayer/pgfcoreimage.cod
e.tex
File: pgfcoreimage.code.tex 2010/03/25  (rcs-revision 1.16)

(/usr/local/texlive/2013/texmf-dist/tex/generic/pgf/basiclayer/pgfcoreexternal.
code.tex
File: pgfcoreexternal.code.tex 2010/09/01  (rcs-revision 1.17)
\pgfexternal@startupbox=\box59
))
(/usr/local/texlive/2013/texmf-dist/tex/generic/pgf/basiclayer/pgfcorelayers.co
de.tex
File: pgfcorelayers.code.tex 2010/08/27  (rcs-revision 1.2)
)
(/usr/local/texlive/2013/texmf-dist/tex/generic/pgf/basiclayer/pgfcoretranspare
ncy.code.tex
File: pgfcoretransparency.code.tex 2008/01/17  (rcs-revision 1.2)
)
(/usr/local/texlive/2013/texmf-dist/tex/generic/pgf/basiclayer/pgfcorepatterns.
code.tex
File: pgfcorepatterns.code.tex 2009/07/02  (rcs-revision 1.3)
)))
(/usr/local/texlive/2013/texmf-dist/tex/generic/pgf/modules/pgfmoduleshapes.cod
e.tex
File: pgfmoduleshapes.code.tex 2010/09/09  (rcs-revision 1.13)
\pgfnodeparttextbox=\box60
)
(/usr/local/texlive/2013/texmf-dist/tex/generic/pgf/modules/pgfmoduleplot.code.
tex
File: pgfmoduleplot.code.tex 2010/10/22  (rcs-revision 1.8)
)
(/usr/local/texlive/2013/texmf-dist/tex/latex/pgf/compatibility/pgfcomp-version
-0-65.sty
Package: pgfcomp-version-0-65 2007/07/03 v2.10 (rcs-revision 1.7)
\pgf@nodesepstart=\dimen158
\pgf@nodesepend=\dimen159
)
(/usr/local/texlive/2013/texmf-dist/tex/latex/pgf/compatibility/pgfcomp-version
-1-18.sty
Package: pgfcomp-version-1-18 2007/07/23 v2.10 (rcs-revision 1.1)
))
(/usr/local/texlive/2013/texmf-dist/tex/latex/pgf/utilities/pgffor.sty
(/usr/local/texlive/2013/texmf-dist/tex/latex/pgf/utilities/pgfkeys.sty
(/usr/local/texlive/2013/texmf-dist/tex/generic/pgf/utilities/pgfkeys.code.tex)
) (/usr/local/texlive/2013/texmf-dist/tex/generic/pgf/utilities/pgffor.code.tex
Package: pgffor 2010/03/23 v2.10 (rcs-revision 1.18)
\pgffor@iter=\dimen160
\pgffor@skip=\dimen161
\pgffor@stack=\toks28
\pgffor@toks=\toks29
))
(/usr/local/texlive/2013/texmf-dist/tex/generic/pgf/frontendlayer/tikz/tikz.cod
e.tex
Package: tikz 2010/10/13 v2.10 (rcs-revision 1.76)

(/usr/local/texlive/2013/texmf-dist/tex/generic/pgf/libraries/pgflibraryplothan
dlers.code.tex
File: pgflibraryplothandlers.code.tex 2010/05/31 v2.10 (rcs-revision 1.15)
\pgf@plot@mark@count=\count128
\pgfplotmarksize=\dimen162
)
\tikz@lastx=\dimen163
\tikz@lasty=\dimen164
\tikz@lastxsaved=\dimen165
\tikz@lastysaved=\dimen166
\tikzleveldistance=\dimen167
\tikzsiblingdistance=\dimen168
\tikz@figbox=\box61
\tikz@tempbox=\box62
\tikztreelevel=\count129
\tikznumberofchildren=\count130
\tikznumberofcurrentchild=\count131
\tikz@fig@count=\count132

(/usr/local/texlive/2013/texmf-dist/tex/generic/pgf/modules/pgfmodulematrix.cod
e.tex
File: pgfmodulematrix.code.tex 2010/08/24  (rcs-revision 1.4)
\pgfmatrixcurrentrow=\count133
\pgfmatrixcurrentcolumn=\count134
\pgf@matrix@numberofcolumns=\count135
)
\tikz@expandcount=\count136

(/usr/local/texlive/2013/texmf-dist/tex/generic/pgf/frontendlayer/tikz/librarie
s/tikzlibrarytopaths.code.tex
File: tikzlibrarytopaths.code.tex 2008/06/17 v2.10 (rcs-revision 1.2)
)))
(/usr/local/texlive/2013/texmf-dist/tex/generic/pgf/frontendlayer/tikz/librarie
s/tikzlibrarypositioning.code.tex
File: tikzlibrarypositioning.code.tex 2008/10/06 v2.10 (rcs-revision 1.7)
)
(/usr/local/texlive/2013/texmf-dist/tex/latex/tools/calc.sty
Package: calc 2007/08/22 v4.3 Infix arithmetic (KKT,FJ)
\calc@Acount=\count137
\calc@Bcount=\count138
\calc@Adimen=\dimen169
\calc@Bdimen=\dimen170
\calc@Askip=\skip45
\calc@Bskip=\skip46
LaTeX Info: Redefining \setlength on input line 76.
LaTeX Info: Redefining \addtolength on input line 77.
\calc@Ccount=\count139
\calc@Cskip=\skip47
)
\c@@todonotes@numberoftodonotes=\count140
)
(/usr/local/texlive/2013/texmf-dist/tex/latex/amsmath/amsmath.sty
Package: amsmath 2013/01/14 v2.14 AMS math features
\@mathmargin=\skip48

For additional information on amsmath, use the `?' option.
(/usr/local/texlive/2013/texmf-dist/tex/latex/amsmath/amstext.sty
Package: amstext 2000/06/29 v2.01

(/usr/local/texlive/2013/texmf-dist/tex/latex/amsmath/amsgen.sty
File: amsgen.sty 1999/11/30 v2.0
\@emptytoks=\toks30
\ex@=\dimen171
))
(/usr/local/texlive/2013/texmf-dist/tex/latex/amsmath/amsbsy.sty
Package: amsbsy 1999/11/29 v1.2d
\pmbraise@=\dimen172
)
(/usr/local/texlive/2013/texmf-dist/tex/latex/amsmath/amsopn.sty
Package: amsopn 1999/12/14 v2.01 operator names
)
\inf@bad=\count141
LaTeX Info: Redefining \frac on input line 210.
\uproot@=\count142
\leftroot@=\count143
LaTeX Info: Redefining \overline on input line 306.
\classnum@=\count144
\DOTSCASE@=\count145
LaTeX Info: Redefining \ldots on input line 378.
LaTeX Info: Redefining \dots on input line 381.
LaTeX Info: Redefining \cdots on input line 466.
\Mathstrutbox@=\box63
\strutbox@=\box64
\big@size=\dimen173
LaTeX Font Info:    Redeclaring font encoding OML on input line 566.
LaTeX Font Info:    Redeclaring font encoding OMS on input line 567.


Package amsmath Warning: Unable to redefine math accent \vec.

\macc@depth=\count146
\c@MaxMatrixCols=\count147
\dotsspace@=\muskip10
\c@parentequation=\count148
\dspbrk@lvl=\count149
\tag@help=\toks31
\row@=\count150
\column@=\count151
\maxfields@=\count152
\andhelp@=\toks32
\eqnshift@=\dimen174
\alignsep@=\dimen175
\tagshift@=\dimen176
\tagwidth@=\dimen177
\totwidth@=\dimen178
\lineht@=\dimen179
\@envbody=\toks33
\multlinegap=\skip49
\multlinetaggap=\skip50
\mathdisplay@stack=\toks34
LaTeX Info: Redefining \[ on input line 2665.
LaTeX Info: Redefining \] on input line 2666.
) (/usr/local/texlive/2013/texmf-dist/tex/latex/algorithms/algorithmic.sty
Package: algorithmic 2009/08/24 v0.1 Document Style `algorithmic'
\c@ALC@unique=\count153
\c@ALC@line=\count154
\c@ALC@rem=\count155
\c@ALC@depth=\count156
\ALC@tlm=\skip51
\algorithmicindent=\skip52
)
(/usr/local/texlive/2013/texmf-dist/tex/latex/geometry/geometry.sty
Package: geometry 2010/09/12 v5.6 Page Geometry

(/usr/local/texlive/2013/texmf-dist/tex/generic/oberdiek/ifpdf.sty
Package: ifpdf 2011/01/30 v2.3 Provides the ifpdf switch (HO)
Package ifpdf Info: pdfTeX in PDF mode is detected.
)
(/usr/local/texlive/2013/texmf-dist/tex/generic/oberdiek/ifvtex.sty
Package: ifvtex 2010/03/01 v1.5 Detect VTeX and its facilities (HO)
Package ifvtex Info: VTeX not detected.
)
(/usr/local/texlive/2013/texmf-dist/tex/generic/ifxetex/ifxetex.sty
Package: ifxetex 2010/09/12 v0.6 Provides ifxetex conditional
)
\Gm@cnth=\count157
\Gm@cntv=\count158
\c@Gm@tempcnt=\count159
\Gm@bindingoffset=\dimen180
\Gm@wd@mp=\dimen181
\Gm@odd@mp=\dimen182
\Gm@even@mp=\dimen183
\Gm@layoutwidth=\dimen184
\Gm@layoutheight=\dimen185
\Gm@layouthoffset=\dimen186
\Gm@layoutvoffset=\dimen187
\Gm@dimlist=\toks35
)
(./report.aux

LaTeX Warning: Label `fig:compressible_dcf_all' multiply defined.


LaTeX Warning: Label `fig:compressible_dcf_all' multiply defined.

)
\openout1 = `report.aux'.

LaTeX Font Info:    Checking defaults for OML/cmm/m/it on input line 10.
LaTeX Font Info:    ... okay on input line 10.
LaTeX Font Info:    Checking defaults for T1/cmr/m/n on input line 10.
LaTeX Font Info:    ... okay on input line 10.
LaTeX Font Info:    Checking defaults for OT1/cmr/m/n on input line 10.
LaTeX Font Info:    ... okay on input line 10.
LaTeX Font Info:    Checking defaults for OMS/cmsy/m/n on input line 10.
LaTeX Font Info:    ... okay on input line 10.
LaTeX Font Info:    Checking defaults for OMX/cmex/m/n on input line 10.
LaTeX Font Info:    ... okay on input line 10.
LaTeX Font Info:    Checking defaults for U/cmr/m/n on input line 10.
LaTeX Font Info:    ... okay on input line 10.
 (/usr/local/texlive/2013/texmf-dist/tex/context/base/supp-pdf.mkii
[Loading MPS to PDF converter (version 2006.09.02).]
\scratchcounter=\count160
\scratchdimen=\dimen188
\scratchbox=\box65
\nofMPsegments=\count161
\nofMParguments=\count162
\everyMPshowfont=\toks36
\MPscratchCnt=\count163
\MPscratchDim=\dimen189
\MPnumerator=\count164
\makeMPintoPDFobject=\count165
\everyMPtoPDFconversion=\toks37
) (/usr/local/texlive/2013/texmf-dist/tex/generic/oberdiek/pdftexcmds.sty
Package: pdftexcmds 2011/11/29 v0.20 Utility functions of pdfTeX for LuaTeX (HO
)

(/usr/local/texlive/2013/texmf-dist/tex/generic/oberdiek/ifluatex.sty
Package: ifluatex 2010/03/01 v1.3 Provides the ifluatex switch (HO)
Package ifluatex Info: LuaTeX not detected.
)
Package pdftexcmds Info: LuaTeX not detected.
Package pdftexcmds Info: \pdf@primitive is available.
Package pdftexcmds Info: \pdf@ifprimitive is available.
Package pdftexcmds Info: \pdfdraftmode found.
)
(/usr/local/texlive/2013/texmf-dist/tex/latex/oberdiek/epstopdf-base.sty
Package: epstopdf-base 2010/02/09 v2.5 Base part for package epstopdf

(/usr/local/texlive/2013/texmf-dist/tex/latex/oberdiek/grfext.sty
Package: grfext 2010/08/19 v1.1 Manage graphics extensions (HO)

(/usr/local/texlive/2013/texmf-dist/tex/generic/oberdiek/kvdefinekeys.sty
Package: kvdefinekeys 2011/04/07 v1.3 Define keys (HO)
))
(/usr/local/texlive/2013/texmf-dist/tex/latex/oberdiek/kvoptions.sty
Package: kvoptions 2011/06/30 v3.11 Key value format for package options (HO)

(/usr/local/texlive/2013/texmf-dist/tex/generic/oberdiek/kvsetkeys.sty
Package: kvsetkeys 2012/04/25 v1.16 Key value parser (HO)

(/usr/local/texlive/2013/texmf-dist/tex/generic/oberdiek/etexcmds.sty
Package: etexcmds 2011/02/16 v1.5 Avoid name clashes with e-TeX commands (HO)
Package etexcmds Info: Could not find \expanded.
(etexcmds)             That can mean that you are not using pdfTeX 1.50 or
(etexcmds)             that some package has redefined \expanded.
(etexcmds)             In the latter case, load this package earlier.
)))
Package grfext Info: Graphics extension search list:
(grfext)             [.png,.pdf,.jpg,.mps,.jpeg,.jbig2,.jb2,.PNG,.PDF,.JPG,.JPE
G,.JBIG2,.JB2,.eps]
(grfext)             \AppendGraphicsExtensions on input line 452.

(/usr/local/texlive/2013/texmf-dist/tex/latex/latexconfig/epstopdf-sys.cfg
File: epstopdf-sys.cfg 2010/07/13 v1.3 Configuration of (r)epstopdf for TeX Liv
e
))
ABD: EveryShipout initializing macros
*geometry* driver: auto-detecting
*geometry* detected driver: pdftex
*geometry* verbose mode - [ preamble ] result:
* driver: pdftex
* paper: <default>
* layout: <same size as paper>
* layoutoffset:(h,v)=(0.0pt,0.0pt)
* modes: twoside 
* h-part:(L,W,R)=(72.26999pt, 469.75502pt, 72.26999pt)
* v-part:(T,H,B)=(72.26999pt, 650.43001pt, 72.26999pt)
* \paperwidth=614.295pt
* \paperheight=794.96999pt
* \textwidth=469.75502pt
* \textheight=650.43001pt
* \oddsidemargin=0.0pt
* \evensidemargin=0.0pt
* \topmargin=-28.0pt
* \headheight=12.0pt
* \headsep=16.0pt
* \topskip=10.0pt
* \footskip=30.0pt
* \marginparwidth=90.0pt
* \marginparsep=11.0pt
* \columnsep=10.0pt
* \skip\footins=9.0pt plus 4.0pt minus 2.0pt
* \hoffset=0.0pt
* \voffset=0.0pt
* \mag=1000
* \@twocolumnfalse
* \@twosidetrue
* \@mparswitchtrue
* \@reversemarginfalse
* (1in=72.27pt=25.4mm, 1cm=28.453pt)


LaTeX Warning: Citation `bianchi1996performance' on page 1 undefined on input l
ine 25.


LaTeX Warning: Citation `bianchi1998ieee' on page 1 undefined on input line 25.



LaTeX Warning: Citation `crow1996performance' on page 1 undefined on input line
 25.


LaTeX Warning: Citation `chhaya1997performance' on page 1 undefined on input li
ne 25.


Underfull \hbox (badness 10000) in paragraph at lines 43--44

 []


LaTeX Warning: Citation `kumar2004communication' on page 1 undefined on input l
ine 46.


Underfull \hbox (badness 10000) in paragraph at lines 45--47

 []

[1


{/usr/local/texlive/2013/texmf-var/fonts/map/pdftex/updmap/pdftex.map}]

LaTeX Warning: Citation `mah1997empirical' on page 2 undefined on input line 49
.


LaTeX Warning: Reference `fig:histogram1' on page 2 undefined on input line 49.



LaTeX Warning: Reference `fig:histogram2' on page 2 undefined on input line 49.



Underfull \hbox (badness 10000) in paragraph at lines 48--50

 []

<histogram1.png, id=15, 631.35875pt x 407.5225pt>
File: histogram1.png Graphic file (type png)
 <use histogram1.png>
Package pdftex.def Info: histogram1.png used on input line 54.
(pdftex.def)             Requested size: 189.40909pt x 122.25769pt.

<histogram2.png, id=17, 587.19376pt x 409.53pt>
File: histogram2.png Graphic file (type png)
 <use histogram2.png>
Package pdftex.def Info: histogram2.png used on input line 54.
(pdftex.def)             Requested size: 176.15948pt x 122.85994pt.


LaTeX Warning: Citation `mah1997empirical' on page 2 undefined on input line 55
.


LaTeX Warning: Citation `badia2010markov' on page 2 undefined on input line 61.



LaTeX Warning: Citation `sony-demo' on page 2 undefined on input line 63.

<frame.png, id=18, 803.0pt x 481.8pt>
File: frame.png Graphic file (type png)
 <use frame.png>
Package pdftex.def Info: frame.png used on input line 67.
(pdftex.def)             Requested size: 281.05421pt x 168.63252pt.


LaTeX Warning: Citation `sony-demo' on page 2 undefined on input line 68.

<gop.png, id=19, 803.0pt x 481.8pt>
File: gop.png Graphic file (type png)
 <use gop.png>
Package pdftex.def Info: gop.png used on input line 75.
(pdftex.def)             Requested size: 281.05421pt x 168.63252pt.


LaTeX Warning: Citation `sony-demo' on page 2 undefined on input line 76.

Package epstopdf Info: Source file: <../../src/results/browse_time.eps>
(epstopdf)                    date: 2015-03-16 16:15:01
(epstopdf)                    size: 18319 bytes
(epstopdf)             Output file: <../../src/results/browse_time-eps-converte
d-to.pdf>
(epstopdf)                    date: 2015-03-16 16:22:35
(epstopdf)                    size: 5201 bytes
(epstopdf)             Command: <epstopdf --outfile=../../src/results/browse_ti
me-eps-converted-to.pdf ../../src/results/browse_time.eps>
(epstopdf)             \includegraphics on input line 85.
Package epstopdf Info: Output file is already uptodate.

<../../src/results/browse_time-eps-converted-to.pdf, id=20, 1151.30125pt x 538.
01pt>
File: ../../src/results/browse_time-eps-converted-to.pdf Graphic file (type pdf
)
 <use ../../src/results/browse_time-eps-converted-to.pdf>
Package pdftex.def Info: ../../src/results/browse_time-eps-converted-to.pdf use
d on input line 85.
(pdftex.def)             Requested size: 469.7528pt x 100.36765pt.
Package epstopdf Info: Source file: <../../src/results/file_time.eps>
(epstopdf)                    date: 2015-03-16 16:15:37
(epstopdf)                    size: 17999 bytes
(epstopdf)             Output file: <../../src/results/file_time-eps-converted-
to.pdf>
(epstopdf)                    date: 2015-03-16 16:22:35
(epstopdf)                    size: 4995 bytes
(epstopdf)             Command: <epstopdf --outfile=../../src/results/file_time
-eps-converted-to.pdf ../../src/results/file_time.eps>
(epstopdf)             \includegraphics on input line 86.
Package epstopdf Info: Output file is already uptodate.

<../../src/results/file_time-eps-converted-to.pdf, id=21, 1066.98625pt x 567.11
874pt>
File: ../../src/results/file_time-eps-converted-to.pdf Graphic file (type pdf)
 <use ../../src/results/file_time-eps-converted-to.pdf>
Package pdftex.def Info: ../../src/results/file_time-eps-converted-to.pdf used 
on input line 86.
(pdftex.def)             Requested size: 469.75218pt x 100.37222pt.
Package epstopdf Info: Source file: <../../src/results/video_time.eps>
(epstopdf)                    date: 2015-03-16 16:16:45
(epstopdf)                    size: 17666 bytes
(epstopdf)             Output file: <../../src/results/video_time-eps-converted
-to.pdf>
(epstopdf)                    date: 2015-03-16 16:22:35
(epstopdf)                    size: 5250 bytes
(epstopdf)             Command: <epstopdf --outfile=../../src/results/video_tim
e-eps-converted-to.pdf ../../src/results/video_time.eps>
(epstopdf)             \includegraphics on input line 87.
Package epstopdf Info: Output file is already uptodate.

<../../src/results/video_time-eps-converted-to.pdf, id=22, 562.1pt x 421.575pt>
File: ../../src/results/video_time-eps-converted-to.pdf Graphic file (type pdf)

<use ../../src/results/video_time-eps-converted-to.pdf>
Package pdftex.def Info: ../../src/results/video_time-eps-converted-to.pdf used
 on input line 87.
(pdftex.def)             Requested size: 469.75067pt x 100.37598pt.
Package epstopdf Info: Source file: <../../src/results/all.eps>
(epstopdf)                    date: 2015-03-16 16:14:40
(epstopdf)                    size: 25167 bytes
(epstopdf)             Output file: <../../src/results/all-eps-converted-to.pdf
>
(epstopdf)                    date: 2015-03-16 16:22:35
(epstopdf)                    size: 8158 bytes
(epstopdf)             Command: <epstopdf --outfile=../../src/results/all-eps-c
onverted-to.pdf ../../src/results/all.eps>
(epstopdf)             \includegraphics on input line 88.
Package epstopdf Info: Output file is already uptodate.

<../../src/results/all-eps-converted-to.pdf, id=23, 1249.66875pt x 718.685pt>
File: ../../src/results/all-eps-converted-to.pdf Graphic file (type pdf)

<use ../../src/results/all-eps-converted-to.pdf>
Package pdftex.def Info: ../../src/results/all-eps-converted-to.pdf used on inp
ut line 88.
(pdftex.def)             Requested size: 469.74966pt x 100.37395pt.

Overfull \hbox (2.79778pt too wide) in paragraph at lines 84--90
[][] 
 []


LaTeX Warning: Citation `ieee1997wireless' on page 2 undefined on input line 97
.


LaTeX Warning: Citation `ieee1997wireless' on page 2 undefined on input line 97
.


LaTeX Warning: Citation `dcf' on page 2 undefined on input line 97.

[2 <./histogram1.png> <./histogram2.png>] [3 <./frame.png> <./gop.png>]
[4 <../../src/results/browse_time-eps-converted-to.pdf> <../../src/results/file
_time-eps-converted-to.pdf> <../../src/results/video_time-eps-converted-to.pdf>
 <../../src/results/all-eps-converted-to.pdf>]

LaTeX Warning: Citation `dcf' on page 5 undefined on input line 103.

<../../sketches/dcf_model.pdf, id=61, 961.5925pt x 663.47874pt>
File: ../../sketches/dcf_model.pdf Graphic file (type pdf)

<use ../../sketches/dcf_model.pdf>
Package pdftex.def Info: ../../sketches/dcf_model.pdf used on input line 122.
(pdftex.def)             Requested size: 336.56241pt x 232.22102pt.


LaTeX Warning: Citation `dcf' on page 5 undefined on input line 123.


LaTeX Warning: Citation `dcf-nonsaturated' on page 5 undefined on input line 12
9.

[5]
<../../sketches/dcf_model_nonsaturated.pdf, id=67, 961.5925pt x 885.3075pt>
File: ../../sketches/dcf_model_nonsaturated.pdf Graphic file (type pdf)

<use ../../sketches/dcf_model_nonsaturated.pdf>
Package pdftex.def Info: ../../sketches/dcf_model_nonsaturated.pdf used on inpu
t line 156.
(pdftex.def)             Requested size: 336.56241pt x 309.86226pt.


LaTeX Warning: Citation `dcf-unsaturated' on page 6 undefined on input line 157
.


LaTeX Warning: Citation `dcf-nonsaturated' on page 6 undefined on input line 16
2.


LaTeX Warning: Citation `badia2010markov' on page 6 undefined on input line 165
.

[6 <../../sketches/dcf_model.pdf>] [7 <../../sketches/dcf_model_nonsaturated.pd
f>] <../../sketches/size_chain_old.pdf, id=110, 377.41pt x 631.35875pt>
File: ../../sketches/size_chain_old.pdf Graphic file (type pdf)

<use ../../sketches/size_chain_old.pdf>
Package pdftex.def Info: ../../sketches/size_chain_old.pdf used on input line 1
71.
(pdftex.def)             Requested size: 132.09547pt x 220.97887pt.
 [8 <../../sketches/size_chain_old.pdf>]
<../../sketches/dcf_model_unsaturated_varpktsize.pdf, id=130, 961.5925pt x 1037
.8775pt>
File: ../../sketches/dcf_model_unsaturated_varpktsize.pdf Graphic file (type pd
f)
 <use ../../sketches/dcf_model_unsaturated_varpktsize.pdf>
Package pdftex.def Info: ../../sketches/dcf_model_unsaturated_varpktsize.pdf us
ed on input line 205.
(pdftex.def)             Requested size: 336.56241pt x 363.26257pt.


LaTeX Warning: Citation `dcf-nonsaturated' on page 9 undefined on input line 21
2.

[9 <../../sketches/dcf_model_unsaturated_varpktsize.pdf>]
<../../sketches/dcf_model_unsaturated_varpktsize_interarrival.pdf, id=150, 961.
5925pt x 1055.945pt>
File: ../../sketches/dcf_model_unsaturated_varpktsize_interarrival.pdf Graphic 
file (type pdf)

<use ../../sketches/dcf_model_unsaturated_varpktsize_interarrival.pdf>
Package pdftex.def Info: ../../sketches/dcf_model_unsaturated_varpktsize_intera
rrival.pdf used on input line 218.
(pdftex.def)             Requested size: 336.56241pt x 369.58629pt.
 [10 <../../sketches/dcf_model_unsaturated_varpktsize_interarrival.pdf>]
<../../sketches/collapses.pdf, id=171, 663.47874pt x 293.095pt>
File: ../../sketches/collapses.pdf Graphic file (type pdf)

<use ../../sketches/collapses.pdf>
Package pdftex.def Info: ../../sketches/collapses.pdf used on input line 237.
(pdftex.def)             Requested size: 265.3868pt x 117.23592pt.

<../../sketches/compressible_dcf.pdf, id=172, 618.31pt x 469.755pt>
File: ../../sketches/compressible_dcf.pdf Graphic file (type pdf)

<use ../../sketches/compressible_dcf.pdf>
Package pdftex.def Info: ../../sketches/compressible_dcf.pdf used on input line
 247.
(pdftex.def)             Requested size: 278.23692pt x 211.3878pt.
 [11 <../../sketches/collapses.pdf> <../../sketches/compressible_dcf.pdf>]
<../../sketches/compressible_dcf_arrival.pdf, id=208, 907.39pt x 541.02126pt>
File: ../../sketches/compressible_dcf_arrival.pdf Graphic file (type pdf)

<use ../../sketches/compressible_dcf_arrival.pdf>
Package pdftex.def Info: ../../sketches/compressible_dcf_arrival.pdf used on in
put line 259.
(pdftex.def)             Requested size: 362.94957pt x 216.40466pt.

<../../sketches/compressible_dcf_all.pdf, id=209, 1124.2pt x 726.715pt>
File: ../../sketches/compressible_dcf_all.pdf Graphic file (type pdf)

<use ../../sketches/compressible_dcf_all.pdf>
Package pdftex.def Info: ../../sketches/compressible_dcf_all.pdf used on input 
line 271.
(pdftex.def)             Requested size: 393.47589pt x 254.35405pt.
 [12 <../../sketches/compressible_dcf_arrival.pdf>]
File: ../../sketches/compressible_dcf_all.pdf Graphic file (type pdf)
 <use ../../sketches/compressible_dcf_all.pdf>
Package pdftex.def Info: ../../sketches/compressible_dcf_all.pdf used on input 
line 298.
(pdftex.def)             Requested size: 393.47589pt x 254.35405pt.
File: ../../sketches/compressible_dcf_all.pdf Graphic file (type pdf)

<use ../../sketches/compressible_dcf_all.pdf>
Package pdftex.def Info: ../../sketches/compressible_dcf_all.pdf used on input 
line 306.
(pdftex.def)             Requested size: 393.47589pt x 254.35405pt.
 (./figures.tex
Package epstopdf Info: Source file: <../../src/fig-simulation_download_multimed
ia-bps-1_1_10_10_12000.eps>
(epstopdf)                    date: 2015-03-16 14:09:43
(epstopdf)                    size: 77830 bytes
(epstopdf)             Output file: <../../src/fig-simulation_download_multimed
ia-bps-1_1_10_10_12000-eps-converted-to.pdf>
(epstopdf)                    date: 2015-03-16 15:08:20
(epstopdf)                    size: 9902 bytes
(epstopdf)             Command: <epstopdf --outfile=../../src/fig-simulation_do
wnload_multimedia-bps-1_1_10_10_12000-eps-converted-to.pdf ../../src/fig-simula
tion_download_multimedia-bps-1_1_10_10_12000.eps>
(epstopdf)             \includegraphics on input line 4.
Package epstopdf Info: Output file is already uptodate.

<../../src/fig-simulation_download_multimedia-bps-1_1_10_10_12000-eps-converted
-to.pdf, id=230, 562.1pt x 421.575pt>
File: ../../src/fig-simulation_download_multimedia-bps-1_1_10_10_12000-eps-conv
erted-to.pdf Graphic file (type pdf)

<use ../../src/fig-simulation_download_multimedia-bps-1_1_10_10_12000-eps-conve
rted-to.pdf>
Package pdftex.def Info: ../../src/fig-simulation_download_multimedia-bps-1_1_1
0_10_12000-eps-converted-to.pdf used on input line 4.
(pdftex.def)             Requested size: 196.73795pt x 147.55345pt.
Package epstopdf Info: Source file: <../../src/fig-simulation_download_multimed
ia-bps-1_1_10_25_12000.eps>
(epstopdf)                    date: 2015-03-16 14:09:37
(epstopdf)                    size: 78130 bytes
(epstopdf)             Output file: <../../src/fig-simulation_download_multimed
ia-bps-1_1_10_25_12000-eps-converted-to.pdf>
(epstopdf)                    date: 2015-03-16 15:08:20
(epstopdf)                    size: 9939 bytes
(epstopdf)             Command: <epstopdf --outfile=../../src/fig-simulation_do
wnload_multimedia-bps-1_1_10_25_12000-eps-converted-to.pdf ../../src/fig-simula
tion_download_multimedia-bps-1_1_10_25_12000.eps>
(epstopdf)             \includegraphics on input line 4.
Package epstopdf Info: Output file is already uptodate.

<../../src/fig-simulation_download_multimedia-bps-1_1_10_25_12000-eps-converted
-to.pdf, id=231, 562.1pt x 421.575pt>
File: ../../src/fig-simulation_download_multimedia-bps-1_1_10_25_12000-eps-conv
erted-to.pdf Graphic file (type pdf)

<use ../../src/fig-simulation_download_multimedia-bps-1_1_10_25_12000-eps-conve
rted-to.pdf>
Package pdftex.def Info: ../../src/fig-simulation_download_multimedia-bps-1_1_1
0_25_12000-eps-converted-to.pdf used on input line 4.
(pdftex.def)             Requested size: 196.73795pt x 147.55345pt.
Package epstopdf Info: Source file: <../../src/fig-simulation_download_multimed
ia-bps-1_1_10_5_12000.eps>
(epstopdf)                    date: 2015-03-16 14:09:32
(epstopdf)                    size: 78128 bytes
(epstopdf)             Output file: <../../src/fig-simulation_download_multimed
ia-bps-1_1_10_5_12000-eps-converted-to.pdf>
(epstopdf)                    date: 2015-03-16 15:08:20
(epstopdf)                    size: 9938 bytes
(epstopdf)             Command: <epstopdf --outfile=../../src/fig-simulation_do
wnload_multimedia-bps-1_1_10_5_12000-eps-converted-to.pdf ../../src/fig-simulat
ion_download_multimedia-bps-1_1_10_5_12000.eps>
(epstopdf)             \includegraphics on input line 6.
Package epstopdf Info: Output file is already uptodate.

<../../src/fig-simulation_download_multimedia-bps-1_1_10_5_12000-eps-converted-
to.pdf, id=232, 562.1pt x 421.575pt>
File: ../../src/fig-simulation_download_multimedia-bps-1_1_10_5_12000-eps-conve
rted-to.pdf Graphic file (type pdf)

<use ../../src/fig-simulation_download_multimedia-bps-1_1_10_5_12000-eps-conver
ted-to.pdf>
Package pdftex.def Info: ../../src/fig-simulation_download_multimedia-bps-1_1_1
0_5_12000-eps-converted-to.pdf used on input line 6.
(pdftex.def)             Requested size: 196.73795pt x 147.55345pt.
Package epstopdf Info: Source file: <../../src/fig-simulation_download_multimed
ia-bps-1_1_25_10_12000.eps>
(epstopdf)                    date: 2015-03-16 14:09:27
(epstopdf)                    size: 78120 bytes
(epstopdf)             Output file: <../../src/fig-simulation_download_multimed
ia-bps-1_1_25_10_12000-eps-converted-to.pdf>
(epstopdf)                    date: 2015-03-16 15:08:20
(epstopdf)                    size: 9925 bytes
(epstopdf)             Command: <epstopdf --outfile=../../src/fig-simulation_do
wnload_multimedia-bps-1_1_25_10_12000-eps-converted-to.pdf ../../src/fig-simula
tion_download_multimedia-bps-1_1_25_10_12000.eps>
(epstopdf)             \includegraphics on input line 6.
Package epstopdf Info: Output file is already uptodate.

<../../src/fig-simulation_download_multimedia-bps-1_1_25_10_12000-eps-converted
-to.pdf, id=233, 562.1pt x 421.575pt>
File: ../../src/fig-simulation_download_multimedia-bps-1_1_25_10_12000-eps-conv
erted-to.pdf Graphic file (type pdf)

<use ../../src/fig-simulation_download_multimedia-bps-1_1_25_10_12000-eps-conve
rted-to.pdf>
Package pdftex.def Info: ../../src/fig-simulation_download_multimedia-bps-1_1_2
5_10_12000-eps-converted-to.pdf used on input line 6.
(pdftex.def)             Requested size: 196.73795pt x 147.55345pt.
Package epstopdf Info: Source file: <../../src/fig-simulation_download_multimed
ia-bps-1_1_25_25_12000.eps>
(epstopdf)                    date: 2015-03-16 14:09:21
(epstopdf)                    size: 78126 bytes
(epstopdf)             Output file: <../../src/fig-simulation_download_multimed
ia-bps-1_1_25_25_12000-eps-converted-to.pdf>
(epstopdf)                    date: 2015-03-16 15:08:21
(epstopdf)                    size: 9933 bytes
(epstopdf)             Command: <epstopdf --outfile=../../src/fig-simulation_do
wnload_multimedia-bps-1_1_25_25_12000-eps-converted-to.pdf ../../src/fig-simula
tion_download_multimedia-bps-1_1_25_25_12000.eps>
(epstopdf)             \includegraphics on input line 8.
Package epstopdf Info: Output file is already uptodate.

<../../src/fig-simulation_download_multimedia-bps-1_1_25_25_12000-eps-converted
-to.pdf, id=234, 562.1pt x 421.575pt>
File: ../../src/fig-simulation_download_multimedia-bps-1_1_25_25_12000-eps-conv
erted-to.pdf Graphic file (type pdf)

<use ../../src/fig-simulation_download_multimedia-bps-1_1_25_25_12000-eps-conve
rted-to.pdf>
Package pdftex.def Info: ../../src/fig-simulation_download_multimedia-bps-1_1_2
5_25_12000-eps-converted-to.pdf used on input line 8.
(pdftex.def)             Requested size: 196.73795pt x 147.55345pt.
Package epstopdf Info: Source file: <../../src/fig-simulation_download_multimed
ia-bps-1_1_25_5_12000.eps>
(epstopdf)                    date: 2015-03-16 14:09:17
(epstopdf)                    size: 78125 bytes
(epstopdf)             Output file: <../../src/fig-simulation_download_multimed
ia-bps-1_1_25_5_12000-eps-converted-to.pdf>
(epstopdf)                    date: 2015-03-16 15:08:21
(epstopdf)                    size: 9929 bytes
(epstopdf)             Command: <epstopdf --outfile=../../src/fig-simulation_do
wnload_multimedia-bps-1_1_25_5_12000-eps-converted-to.pdf ../../src/fig-simulat
ion_download_multimedia-bps-1_1_25_5_12000.eps>
(epstopdf)             \includegraphics on input line 8.
Package epstopdf Info: Output file is already uptodate.

<../../src/fig-simulation_download_multimedia-bps-1_1_25_5_12000-eps-converted-
to.pdf, id=235, 562.1pt x 421.575pt>
File: ../../src/fig-simulation_download_multimedia-bps-1_1_25_5_12000-eps-conve
rted-to.pdf Graphic file (type pdf)

<use ../../src/fig-simulation_download_multimedia-bps-1_1_25_5_12000-eps-conver
ted-to.pdf>
Package pdftex.def Info: ../../src/fig-simulation_download_multimedia-bps-1_1_2
5_5_12000-eps-converted-to.pdf used on input line 8.
(pdftex.def)             Requested size: 196.73795pt x 147.55345pt.
Package epstopdf Info: Source file: <../../src/fig-simulation_download_multimed
ia-bps-1_1_5_10_12000.eps>
(epstopdf)                    date: 2015-03-16 14:09:12
(epstopdf)                    size: 78128 bytes
(epstopdf)             Output file: <../../src/fig-simulation_download_multimed
ia-bps-1_1_5_10_12000-eps-converted-to.pdf>
(epstopdf)                    date: 2015-03-16 15:08:21
(epstopdf)                    size: 9944 bytes
(epstopdf)             Command: <epstopdf --outfile=../../src/fig-simulation_do
wnload_multimedia-bps-1_1_5_10_12000-eps-converted-to.pdf ../../src/fig-simulat
ion_download_multimedia-bps-1_1_5_10_12000.eps>
(epstopdf)             \includegraphics on input line 10.
Package epstopdf Info: Output file is already uptodate.

<../../src/fig-simulation_download_multimedia-bps-1_1_5_10_12000-eps-converted-
to.pdf, id=236, 562.1pt x 421.575pt>
File: ../../src/fig-simulation_download_multimedia-bps-1_1_5_10_12000-eps-conve
rted-to.pdf Graphic file (type pdf)

<use ../../src/fig-simulation_download_multimedia-bps-1_1_5_10_12000-eps-conver
ted-to.pdf>
Package pdftex.def Info: ../../src/fig-simulation_download_multimedia-bps-1_1_5
_10_12000-eps-converted-to.pdf used on input line 10.
(pdftex.def)             Requested size: 196.73795pt x 147.55345pt.
Package epstopdf Info: Source file: <../../src/fig-simulation_download_multimed
ia-bps-1_1_5_25_12000.eps>
(epstopdf)                    date: 2015-03-16 14:09:07
(epstopdf)                    size: 77836 bytes
(epstopdf)             Output file: <../../src/fig-simulation_download_multimed
ia-bps-1_1_5_25_12000-eps-converted-to.pdf>
(epstopdf)                    date: 2015-03-16 15:08:21
(epstopdf)                    size: 9918 bytes
(epstopdf)             Command: <epstopdf --outfile=../../src/fig-simulation_do
wnload_multimedia-bps-1_1_5_25_12000-eps-converted-to.pdf ../../src/fig-simulat
ion_download_multimedia-bps-1_1_5_25_12000.eps>
(epstopdf)             \includegraphics on input line 10.
Package epstopdf Info: Output file is already uptodate.

<../../src/fig-simulation_download_multimedia-bps-1_1_5_25_12000-eps-converted-
to.pdf, id=237, 562.1pt x 421.575pt>
File: ../../src/fig-simulation_download_multimedia-bps-1_1_5_25_12000-eps-conve
rted-to.pdf Graphic file (type pdf)

<use ../../src/fig-simulation_download_multimedia-bps-1_1_5_25_12000-eps-conver
ted-to.pdf>
Package pdftex.def Info: ../../src/fig-simulation_download_multimedia-bps-1_1_5
_25_12000-eps-converted-to.pdf used on input line 10.
(pdftex.def)             Requested size: 196.73795pt x 147.55345pt.
Package epstopdf Info: Source file: <../../src/fig-simulation_download_multimed
ia-bps-1_1_5_5_12000.eps>
(epstopdf)                    date: 2015-03-16 14:09:03
(epstopdf)                    size: 77338 bytes
(epstopdf)             Output file: <../../src/fig-simulation_download_multimed
ia-bps-1_1_5_5_12000-eps-converted-to.pdf>
(epstopdf)                    date: 2015-03-16 15:08:21
(epstopdf)                    size: 9991 bytes
(epstopdf)             Command: <epstopdf --outfile=../../src/fig-simulation_do
wnload_multimedia-bps-1_1_5_5_12000-eps-converted-to.pdf ../../src/fig-simulati
on_download_multimedia-bps-1_1_5_5_12000.eps>
(epstopdf)             \includegraphics on input line 19.
Package epstopdf Info: Output file is already uptodate.

<../../src/fig-simulation_download_multimedia-bps-1_1_5_5_12000-eps-converted-t
o.pdf, id=238, 562.1pt x 421.575pt>
File: ../../src/fig-simulation_download_multimedia-bps-1_1_5_5_12000-eps-conver
ted-to.pdf Graphic file (type pdf)

<use ../../src/fig-simulation_download_multimedia-bps-1_1_5_5_12000-eps-convert
ed-to.pdf>
Package pdftex.def Info: ../../src/fig-simulation_download_multimedia-bps-1_1_5
_5_12000-eps-converted-to.pdf used on input line 19.
(pdftex.def)             Requested size: 196.73795pt x 147.55345pt.
Package epstopdf Info: Source file: <../../src/fig-simulation_random_download-i
nterarival-1_0_1_0_1_1_25.eps>
(epstopdf)                    date: 2015-03-16 14:06:15
(epstopdf)                    size: 14380 bytes
(epstopdf)             Output file: <../../src/fig-simulation_random_download-i
nterarival-1_0_1_0_1_1_25-eps-converted-to.pdf>
(epstopdf)                    date: 2015-03-16 15:08:21
(epstopdf)                    size: 8097 bytes
(epstopdf)             Command: <epstopdf --outfile=../../src/fig-simulation_ra
ndom_download-interarival-1_0_1_0_1_1_25-eps-converted-to.pdf ../../src/fig-sim
ulation_random_download-interarival-1_0_1_0_1_1_25.eps>
(epstopdf)             \includegraphics on input line 19.
Package epstopdf Info: Output file is already uptodate.

<../../src/fig-simulation_random_download-interarival-1_0_1_0_1_1_25-eps-conver
ted-to.pdf, id=239, 562.1pt x 421.575pt>
File: ../../src/fig-simulation_random_download-interarival-1_0_1_0_1_1_25-eps-c
onverted-to.pdf Graphic file (type pdf)

<use ../../src/fig-simulation_random_download-interarival-1_0_1_0_1_1_25-eps-co
nverted-to.pdf>
Package pdftex.def Info: ../../src/fig-simulation_random_download-interarival-1
_0_1_0_1_1_25-eps-converted-to.pdf used on input line 19.
(pdftex.def)             Requested size: 196.73795pt x 147.55345pt.
Package epstopdf Info: Source file: <../../src/fig-simulation_random_download-i
nterarival-1_0_5_0_1_1_25.eps>
(epstopdf)                    date: 2015-03-16 14:08:58
(epstopdf)                    size: 15200 bytes
(epstopdf)             Output file: <../../src/fig-simulation_random_download-i
nterarival-1_0_5_0_1_1_25-eps-converted-to.pdf>
(epstopdf)                    date: 2015-03-16 15:08:22
(epstopdf)                    size: 8001 bytes
(epstopdf)             Command: <epstopdf --outfile=../../src/fig-simulation_ra
ndom_download-interarival-1_0_5_0_1_1_25-eps-converted-to.pdf ../../src/fig-sim
ulation_random_download-interarival-1_0_5_0_1_1_25.eps>
(epstopdf)             \includegraphics on input line 20.
Package epstopdf Info: Output file is already uptodate.

<../../src/fig-simulation_random_download-interarival-1_0_5_0_1_1_25-eps-conver
ted-to.pdf, id=240, 562.1pt x 421.575pt>
File: ../../src/fig-simulation_random_download-interarival-1_0_5_0_1_1_25-eps-c
onverted-to.pdf Graphic file (type pdf)

<use ../../src/fig-simulation_random_download-interarival-1_0_5_0_1_1_25-eps-co
nverted-to.pdf>
Package pdftex.def Info: ../../src/fig-simulation_random_download-interarival-1
_0_5_0_1_1_25-eps-converted-to.pdf used on input line 20.
(pdftex.def)             Requested size: 196.73795pt x 147.55345pt.
Package epstopdf Info: Source file: <../../src/fig-simulation_random_download-m
axpackets-1_0_1_0_1_1_25.eps>
(epstopdf)                    date: 2015-03-16 14:08:53
(epstopdf)                    size: 14378 bytes
(epstopdf)             Output file: <../../src/fig-simulation_random_download-m
axpackets-1_0_1_0_1_1_25-eps-converted-to.pdf>
(epstopdf)                    date: 2015-03-16 15:08:22
(epstopdf)                    size: 8810 bytes
(epstopdf)             Command: <epstopdf --outfile=../../src/fig-simulation_ra
ndom_download-maxpackets-1_0_1_0_1_1_25-eps-converted-to.pdf ../../src/fig-simu
lation_random_download-maxpackets-1_0_1_0_1_1_25.eps>
(epstopdf)             \includegraphics on input line 20.
Package epstopdf Info: Output file is already uptodate.

<../../src/fig-simulation_random_download-maxpackets-1_0_1_0_1_1_25-eps-convert
ed-to.pdf, id=241, 562.1pt x 421.575pt>
File: ../../src/fig-simulation_random_download-maxpackets-1_0_1_0_1_1_25-eps-co
nverted-to.pdf Graphic file (type pdf)

<use ../../src/fig-simulation_random_download-maxpackets-1_0_1_0_1_1_25-eps-con
verted-to.pdf>
Package pdftex.def Info: ../../src/fig-simulation_random_download-maxpackets-1_
0_1_0_1_1_25-eps-converted-to.pdf used on input line 20.
(pdftex.def)             Requested size: 196.73795pt x 147.55345pt.
Package epstopdf Info: Source file: <../../src/fig-simulation_random_download-m
axpackets-1_0_5_0_1_1_25.eps>
(epstopdf)                    date: 2015-03-16 14:08:47
(epstopdf)                    size: 15198 bytes
(epstopdf)             Output file: <../../src/fig-simulation_random_download-m
axpackets-1_0_5_0_1_1_25-eps-converted-to.pdf>
(epstopdf)                    date: 2015-03-16 15:08:22
(epstopdf)                    size: 8710 bytes
(epstopdf)             Command: <epstopdf --outfile=../../src/fig-simulation_ra
ndom_download-maxpackets-1_0_5_0_1_1_25-eps-converted-to.pdf ../../src/fig-simu
lation_random_download-maxpackets-1_0_5_0_1_1_25.eps>
(epstopdf)             \includegraphics on input line 21.
Package epstopdf Info: Output file is already uptodate.

<../../src/fig-simulation_random_download-maxpackets-1_0_5_0_1_1_25-eps-convert
ed-to.pdf, id=242, 562.1pt x 421.575pt>
File: ../../src/fig-simulation_random_download-maxpackets-1_0_5_0_1_1_25-eps-co
nverted-to.pdf Graphic file (type pdf)

<use ../../src/fig-simulation_random_download-maxpackets-1_0_5_0_1_1_25-eps-con
verted-to.pdf>
Package pdftex.def Info: ../../src/fig-simulation_random_download-maxpackets-1_
0_5_0_1_1_25-eps-converted-to.pdf used on input line 21.
(pdftex.def)             Requested size: 196.73795pt x 147.55345pt.
Package epstopdf Info: Source file: <../../src/fig-simulation_random_multimedia
-bps-1_0_1_0_12000.eps>
(epstopdf)                    date: 2015-03-16 14:08:42
(epstopdf)                    size: 78291 bytes
(epstopdf)             Output file: <../../src/fig-simulation_random_multimedia
-bps-1_0_1_0_12000-eps-converted-to.pdf>
(epstopdf)                    date: 2015-03-16 15:08:22
(epstopdf)                    size: 10229 bytes
(epstopdf)             Command: <epstopdf --outfile=../../src/fig-simulation_ra
ndom_multimedia-bps-1_0_1_0_12000-eps-converted-to.pdf ../../src/fig-simulation
_random_multimedia-bps-1_0_1_0_12000.eps>
(epstopdf)             \includegraphics on input line 21.
Package epstopdf Info: Output file is already uptodate.

<../../src/fig-simulation_random_multimedia-bps-1_0_1_0_12000-eps-converted-to.
pdf, id=243, 562.1pt x 421.575pt>
File: ../../src/fig-simulation_random_multimedia-bps-1_0_1_0_12000-eps-converte
d-to.pdf Graphic file (type pdf)

<use ../../src/fig-simulation_random_multimedia-bps-1_0_1_0_12000-eps-converted
-to.pdf>
Package pdftex.def Info: ../../src/fig-simulation_random_multimedia-bps-1_0_1_0
_12000-eps-converted-to.pdf used on input line 21.
(pdftex.def)             Requested size: 196.73795pt x 147.55345pt.
Package epstopdf Info: Source file: <../../src/fig-simulation_random_multimedia
-bps-1_0_5_0_12000.eps>
(epstopdf)                    date: 2015-03-16 14:08:35
(epstopdf)                    size: 77829 bytes
(epstopdf)             Output file: <../../src/fig-simulation_random_multimedia
-bps-1_0_5_0_12000-eps-converted-to.pdf>
(epstopdf)                    date: 2015-03-16 15:08:22
(epstopdf)                    size: 10080 bytes
(epstopdf)             Command: <epstopdf --outfile=../../src/fig-simulation_ra
ndom_multimedia-bps-1_0_5_0_12000-eps-converted-to.pdf ../../src/fig-simulation
_random_multimedia-bps-1_0_5_0_12000.eps>
(epstopdf)             \includegraphics on input line 22.
Package epstopdf Info: Output file is already uptodate.

<../../src/fig-simulation_random_multimedia-bps-1_0_5_0_12000-eps-converted-to.
pdf, id=244, 562.1pt x 421.575pt>
File: ../../src/fig-simulation_random_multimedia-bps-1_0_5_0_12000-eps-converte
d-to.pdf Graphic file (type pdf)

<use ../../src/fig-simulation_random_multimedia-bps-1_0_5_0_12000-eps-converted
-to.pdf>
Package pdftex.def Info: ../../src/fig-simulation_random_multimedia-bps-1_0_5_0
_12000-eps-converted-to.pdf used on input line 22.
(pdftex.def)             Requested size: 196.73795pt x 147.55345pt.
Package epstopdf Info: Source file: <../../src/fig-simulation_random_web-penter
-1_0_1_0_1_1_5.eps>
(epstopdf)                    date: 2015-03-16 14:08:22
(epstopdf)                    size: 16762 bytes
(epstopdf)             Output file: <../../src/fig-simulation_random_web-penter
-1_0_1_0_1_1_5-eps-converted-to.pdf>
(epstopdf)                    date: 2015-03-16 15:08:23
(epstopdf)                    size: 8760 bytes
(epstopdf)             Command: <epstopdf --outfile=../../src/fig-simulation_ra
ndom_web-penter-1_0_1_0_1_1_5-eps-converted-to.pdf ../../src/fig-simulation_ran
dom_web-penter-1_0_1_0_1_1_5.eps>
(epstopdf)             \includegraphics on input line 22.
Package epstopdf Info: Output file is already uptodate.

<../../src/fig-simulation_random_web-penter-1_0_1_0_1_1_5-eps-converted-to.pdf,
 id=245, 562.1pt x 421.575pt>
File: ../../src/fig-simulation_random_web-penter-1_0_1_0_1_1_5-eps-converted-to
.pdf Graphic file (type pdf)

<use ../../src/fig-simulation_random_web-penter-1_0_1_0_1_1_5-eps-converted-to.
pdf>
Package pdftex.def Info: ../../src/fig-simulation_random_web-penter-1_0_1_0_1_1
_5-eps-converted-to.pdf used on input line 22.
(pdftex.def)             Requested size: 196.73795pt x 147.55345pt.
Package epstopdf Info: Source file: <../../src/fig-simulation_random_web-penter
-1_0_5_0_1_1_5.eps>
(epstopdf)                    date: 2015-03-16 14:08:16
(epstopdf)                    size: 16472 bytes
(epstopdf)             Output file: <../../src/fig-simulation_random_web-penter
-1_0_5_0_1_1_5-eps-converted-to.pdf>
(epstopdf)                    date: 2015-03-16 15:08:25
(epstopdf)                    size: 8729 bytes
(epstopdf)             Command: <epstopdf --outfile=../../src/fig-simulation_ra
ndom_web-penter-1_0_5_0_1_1_5-eps-converted-to.pdf ../../src/fig-simulation_ran
dom_web-penter-1_0_5_0_1_1_5.eps>
(epstopdf)             \includegraphics on input line 32.
Package epstopdf Info: Output file is already uptodate.

<../../src/fig-simulation_random_web-penter-1_0_5_0_1_1_5-eps-converted-to.pdf,
 id=246, 562.1pt x 421.575pt>
File: ../../src/fig-simulation_random_web-penter-1_0_5_0_1_1_5-eps-converted-to
.pdf Graphic file (type pdf)

<use ../../src/fig-simulation_random_web-penter-1_0_5_0_1_1_5-eps-converted-to.
pdf>
Package pdftex.def Info: ../../src/fig-simulation_random_web-penter-1_0_5_0_1_1
_5-eps-converted-to.pdf used on input line 32.
(pdftex.def)             Requested size: 196.73795pt x 147.55345pt.
Package epstopdf Info: Source file: <../../src/fig-simulation_web_download-inte
rarival-1_1_1_5_1_1_25.eps>
(epstopdf)                    date: 2015-03-16 14:08:10
(epstopdf)                    size: 13938 bytes
(epstopdf)             Output file: <../../src/fig-simulation_web_download-inte
rarival-1_1_1_5_1_1_25-eps-converted-to.pdf>
(epstopdf)                    date: 2015-03-16 15:08:27
(epstopdf)                    size: 7705 bytes
(epstopdf)             Command: <epstopdf --outfile=../../src/fig-simulation_we
b_download-interarival-1_1_1_5_1_1_25-eps-converted-to.pdf ../../src/fig-simula
tion_web_download-interarival-1_1_1_5_1_1_25.eps>
(epstopdf)             \includegraphics on input line 32.
Package epstopdf Info: Output file is already uptodate.

<../../src/fig-simulation_web_download-interarival-1_1_1_5_1_1_25-eps-converted
-to.pdf, id=247, 562.1pt x 421.575pt>
File: ../../src/fig-simulation_web_download-interarival-1_1_1_5_1_1_25-eps-conv
erted-to.pdf Graphic file (type pdf)

<use ../../src/fig-simulation_web_download-interarival-1_1_1_5_1_1_25-eps-conve
rted-to.pdf>
Package pdftex.def Info: ../../src/fig-simulation_web_download-interarival-1_1_
1_5_1_1_25-eps-converted-to.pdf used on input line 32.
(pdftex.def)             Requested size: 196.73795pt x 147.55345pt.


! LaTeX Error: Unknown graphics extension: .000000e-01_1_5_1_1_25.eps.

See the LaTeX manual or LaTeX Companion for explanation.
Type  H <return>  for immediate help.
 ...                                              
                                                  
l.33 ...interarival-1_5.000000e-01_1_5_1_1_25.eps}
                                                   & \includegraphics[scale=...

? 
Package epstopdf Info: Source file: <../../src/fig-simulation_web_download-maxp
ackets-1_1_1_5_1_1_25.eps>
(epstopdf)                    date: 2015-03-16 14:05:55
(epstopdf)                    size: 13936 bytes
(epstopdf)             Output file: <../../src/fig-simulation_web_download-maxp
ackets-1_1_1_5_1_1_25-eps-converted-to.pdf>
(epstopdf)                    date: 2015-03-16 15:08:27
(epstopdf)                    size: 8415 bytes
(epstopdf)             Command: <epstopdf --outfile=../../src/fig-simulation_we
b_download-maxpackets-1_1_1_5_1_1_25-eps-converted-to.pdf ../../src/fig-simulat
ion_web_download-maxpackets-1_1_1_5_1_1_25.eps>
(epstopdf)             \includegraphics on input line 33.
Package epstopdf Info: Output file is already uptodate.

<../../src/fig-simulation_web_download-maxpackets-1_1_1_5_1_1_25-eps-converted-
to.pdf, id=248, 562.1pt x 421.575pt>
File: ../../src/fig-simulation_web_download-maxpackets-1_1_1_5_1_1_25-eps-conve
rted-to.pdf Graphic file (type pdf)

<use ../../src/fig-simulation_web_download-maxpackets-1_1_1_5_1_1_25-eps-conver
ted-to.pdf>
Package pdftex.def Info: ../../src/fig-simulation_web_download-maxpackets-1_1_1
_5_1_1_25-eps-converted-to.pdf used on input line 33.
(pdftex.def)             Requested size: 196.73795pt x 147.55345pt.


! LaTeX Error: Unknown graphics extension: .000000e-01_1_5_1_1_25.eps.

See the LaTeX manual or LaTeX Companion for explanation.
Type  H <return>  for immediate help.
 ...                                              
                                                  
l.34 ...-maxpackets-1_5.000000e-01_1_5_1_1_25.eps}
                                                   & \includegraphics[scale=...

? 
Package epstopdf Info: Source file: <../../src/fig-simulation_web_multimedia-bp
s-1_1_1_5_12000.eps>
(epstopdf)                    date: 2015-03-16 14:05:22
(epstopdf)                    size: 77334 bytes
(epstopdf)             Output file: <../../src/fig-simulation_web_multimedia-bp
s-1_1_1_5_12000-eps-converted-to.pdf>
(epstopdf)                    date: 2015-03-16 15:08:28
(epstopdf)                    size: 9979 bytes
(epstopdf)             Command: <epstopdf --outfile=../../src/fig-simulation_we
b_multimedia-bps-1_1_1_5_12000-eps-converted-to.pdf ../../src/fig-simulation_we
b_multimedia-bps-1_1_1_5_12000.eps>
(epstopdf)             \includegraphics on input line 34.
Package epstopdf Info: Output file is already uptodate.

<../../src/fig-simulation_web_multimedia-bps-1_1_1_5_12000-eps-converted-to.pdf
, id=249, 562.1pt x 421.575pt>
File: ../../src/fig-simulation_web_multimedia-bps-1_1_1_5_12000-eps-converted-t
o.pdf Graphic file (type pdf)

<use ../../src/fig-simulation_web_multimedia-bps-1_1_1_5_12000-eps-converted-to
.pdf>
Package pdftex.def Info: ../../src/fig-simulation_web_multimedia-bps-1_1_1_5_12
000-eps-converted-to.pdf used on input line 34.
(pdftex.def)             Requested size: 196.73795pt x 147.55345pt.


! LaTeX Error: Unknown graphics extension: .000000e-01_1_5_12000.eps.

See the LaTeX manual or LaTeX Companion for explanation.
Type  H <return>  for immediate help.
 ...                                              
                                                  
l.36 ...timedia-bps-1_5.000000e-01_1_5_12000.eps}}
                                                  
? 
)
No file report.bbl.
[13 <../../sketches/compressible_dcf_all.pdf>] [14] [15 <../../src/fig-simulati
on_download_multimedia-bps-1_1_10_10_12000-eps-converted-to.pdf> <../../src/fig
-simulation_download_multimedia-bps-1_1_10_25_12000-eps-converted-to.pdf> <../.
./src/fig-simulation_download_multimedia-bps-1_1_10_5_12000-eps-converted-to.pd
f> <../../src/fig-simulation_download_multimedia-bps-1_1_25_10_12000-eps-conver
ted-to.pdf> <../../src/fig-simulation_download_multimedia-bps-1_1_25_25_12000-e
ps-converted-to.pdf> <../../src/fig-simulation_download_multimedia-bps-1_1_25_5
_12000-eps-converted-to.pdf> <../../src/fig-simulation_download_multimedia-bps-
1_1_5_10_12000-eps-converted-to.pdf> <../../src/fig-simulation_download_multime
dia-bps-1_1_5_25_12000-eps-converted-to.pdf>] [16 <../../src/fig-simulation_dow
nload_multimedia-bps-1_1_5_5_12000-eps-converted-to.pdf> <../../src/fig-simulat
ion_random_download-interarival-1_0_1_0_1_1_25-eps-converted-to.pdf> <../../src
/fig-simulation_random_download-interarival-1_0_5_0_1_1_25-eps-converted-to.pdf
> <../../src/fig-simulation_random_download-maxpackets-1_0_1_0_1_1_25-eps-conve
rted-to.pdf> <../../src/fig-simulation_random_download-maxpackets-1_0_5_0_1_1_2
5-eps-converted-to.pdf> <../../src/fig-simulation_random_multimedia-bps-1_0_1_0
_12000-eps-converted-to.pdf> <../../src/fig-simulation_random_multimedia-bps-1_
0_5_0_12000-eps-converted-to.pdf> <../../src/fig-simulation_random_web-penter-1
_0_1_0_1_1_5-eps-converted-to.pdf>] [17 <../../src/fig-simulation_random_web-pe
nter-1_0_5_0_1_1_5-eps-converted-to.pdf> <../../src/fig-simulation_web_download
-interarival-1_1_1_5_1_1_25-eps-converted-to.pdf> <../../src/fig-simulation_web
_download-maxpackets-1_1_1_5_1_1_25-eps-converted-to.pdf> <../../src/fig-simula
tion_web_multimedia-bps-1_1_1_5_12000-eps-converted-to.pdf>] (./report.aux)

LaTeX Warning: There were undefined references.


LaTeX Warning: There were multiply-defined labels.

 ) 
Here is how much of TeX's memory you used:
 12125 strings out of 493315
 230604 string characters out of 6137904
 286703 words of memory out of 5000000
 15275 multiletter control sequences out of 15000+600000
 8846 words of font info for 32 fonts, out of 8000000 for 9000
 957 hyphenation exceptions out of 8191
 63i,13n,68p,1220b,409s stack positions out of 5000i,500n,10000p,200000b,80000s
</usr/local/texlive/2013/texmf-dist/fonts/type1/public/amsfonts/cm/cmbx10.pfb
></usr/local/texlive/2013/texmf-dist/fonts/type1/public/amsfonts/cm/cmbx12.pfb>
</usr/local/texlive/2013/texmf-dist/fonts/type1/public/amsfonts/cm/cmbx9.pfb></
usr/local/texlive/2013/texmf-dist/fonts/type1/public/amsfonts/cm/cmmi10.pfb></u
sr/local/texlive/2013/texmf-dist/fonts/type1/public/amsfonts/cm/cmmi5.pfb></usr
/local/texlive/2013/texmf-dist/fonts/type1/public/amsfonts/cm/cmmi7.pfb></usr/l
ocal/texlive/2013/texmf-dist/fonts/type1/public/amsfonts/cm/cmmi9.pfb></usr/loc
al/texlive/2013/texmf-dist/fonts/type1/public/amsfonts/cm/cmr10.pfb></usr/local
/texlive/2013/texmf-dist/fonts/type1/public/amsfonts/cm/cmr5.pfb></usr/local/te
xlive/2013/texmf-dist/fonts/type1/public/amsfonts/cm/cmr7.pfb></usr/local/texli
ve/2013/texmf-dist/fonts/type1/public/amsfonts/cm/cmr9.pfb></usr/local/texlive/
2013/texmf-dist/fonts/type1/public/amsfonts/cm/cmss10.pfb></usr/local/texlive/2
013/texmf-dist/fonts/type1/public/amsfonts/cm/cmsy10.pfb></usr/local/texlive/20
13/texmf-dist/fonts/type1/public/amsfonts/cm/cmsy5.pfb></usr/local/texlive/2013
/texmf-dist/fonts/type1/public/amsfonts/cm/cmsy7.pfb></usr/local/texlive/2013/t
exmf-dist/fonts/type1/public/amsfonts/cm/cmti10.pfb>
Output written on report.pdf (17 pages, 572576 bytes).
PDF statistics:
 543 PDF objects out of 1000 (max. 8388607)
 380 compressed objects within 4 object streams
 0 named destinations out of 1000 (max. 500000)
 198 words of extra memory for PDF output out of 10000 (max. 10000000)

