timeSteps,wMin,wMax,success,failure,wait
50,2,16,4,8,34

state_index,state_type,transition_type,frame_type
19,2,3
20,18,1,1
20,3,4,5
31,2,4,5
31,1,4,64
31,4,1,2
31,8,2,3
31,7,2,3
31,6,1,2
31,13,2,3
31,12,2,3
31,11,2,3
31,10,1,1
31,3,4,5
31,2,4,5
31,1,4,64
31,4,1,2
31,9,2,3
31,8,2,3
31,7,2,3
31,6,1,1
31,3,4,5
31,2,4,5
31,1,4,64
31,4,1,2
31,7,2,3
31,6,1,2
31,15,2,3
31,14,2,3
31,13,2,3
31,12,2,3
31,11,2,3
31,10,1,1
31,3,4,5
31,2,4,5
31,1,4,64
31,4,1,2
31,8,2,3
31,7,2,3
31,6,1,2
31,17,2,3
31,16,2,3
31,15,2,3
31,14,2,3
31,13,2,3
31,12,2,3
31,11,2,3
31,10,1,2
31,24,2,3
31,23,2,3
31,